<?xml version="1.0" encoding="UTF-8"?>
<!-- Generated by org.testng.reporters.JUnitReportReporter -->
<testsuite hostname="DESKTOP-8HP1PQG" failures="0" tests="1" name="tests.demoTests" time="13.275" errors="0" timestamp="2021-02-04T21:33:42 CET" skipped="0">
  <testcase classname="tests.demoTests" name="demoTest" time="13.275"/>
  <system-out/>
</testsuite> <!-- tests.demoTests -->
